#
# There is insufficient memory for the Java Runtime Environment to continue.
# Native memory allocation (mmap) failed to map 134217728 bytes for G1 virtual space
# Possible reasons:
#   The system is out of physical RAM or swap space
#   The process is running with CompressedOops enabled, and the Java Heap may be blocking the growth of the native heap
# Possible solutions:
#   Reduce memory load on the system
#   Increase physical memory or swap space
#   Check if swap backing store is full
#   Decrease Java heap size (-Xmx/-Xms)
#   Decrease number of Java threads
#   Decrease Java thread stack sizes (-Xss)
#   Set larger code cache with -XX:ReservedCodeCacheSize=
#   JVM is running with Unscaled Compressed Oops mode in which the Java heap is
#     placed in the first 4GB address space. The Java Heap base address is the
#     maximum limit for the native heap growth. Please use -XX:HeapBaseMinAddress
#     to set the Java Heap base and to place the Java Heap above 4GB virtual address.
# This output file may be truncated or incomplete.
#
#  Out of Memory Error (os_windows.cpp:3541), pid=25704, tid=22824
#
# JRE version:  (17.0.4.1+1) (build )
# Java VM: OpenJDK 64-Bit Server VM (17.0.4.1+1, mixed mode, sharing, tiered, compressed oops, compressed class ptrs, g1 gc, windows-amd64)
# No core dump will be written. Minidumps are not enabled by default on client versions of Windows
#

---------------  S U M M A R Y ------------

Command Line: -Dfile.encoding=UTF-8 -XX:+ShowCodeDetailsInExceptionMessages tp1.p2.PlantsVsZombies easy 5

Host: Intel(R) Core(TM) i7-8550U CPU @ 1.80GHz, 8 cores, 7G,  Windows 11 , 64 bit Build 22000 (10.0.22000.1219)
Time: Wed Nov 23 17:34:34 2022 Hora estándar romance elapsed time: 0.121388 seconds (0d 0h 0m 0s)

---------------  T H R E A D  ---------------

Current thread (0x000001bc0520a8d0):  JavaThread "Unknown thread" [_thread_in_vm, id=22824, stack(0x0000003a61f00000,0x0000003a62000000)]

Stack: [0x0000003a61f00000,0x0000003a62000000]
Native frames: (J=compiled Java code, j=interpreted, Vv=VM code, C=native code)
V  [jvm.dll+0x67731a]
V  [jvm.dll+0x832284]
V  [jvm.dll+0x833a2e]
V  [jvm.dll+0x834093]
V  [jvm.dll+0x245775]
V  [jvm.dll+0x674209]
V  [jvm.dll+0x668a92]
V  [jvm.dll+0x30471b]
V  [jvm.dll+0x30bc66]
V  [jvm.dll+0x35ba9e]
V  [jvm.dll+0x35bccf]
V  [jvm.dll+0x2db5b8]
V  [jvm.dll+0x2dc524]
V  [jvm.dll+0x803db1]
V  [jvm.dll+0x3698f1]
V  [jvm.dll+0x7e31bc]
V  [jvm.dll+0x3ec25f]
V  [jvm.dll+0x3edde1]
C  [jli.dll+0x5277]
C  [ucrtbase.dll+0x26c0c]
C  [KERNEL32.DLL+0x15550]
C  [ntdll.dll+0x485b]


---------------  P R O C E S S  ---------------

Threads class SMR info:
_java_thread_list=0x00007ff80fb84e98, length=0, elements={
}

Java Threads: ( => current thread )

Other Threads:
  0x000001bc05265c90 GCTaskThread "GC Thread#0" [stack: 0x0000003a62000000,0x0000003a62100000] [id=37648]
  0x000001bc05276810 ConcurrentGCThread "G1 Main Marker" [stack: 0x0000003a62100000,0x0000003a62200000] [id=27780]
  0x000001bc05277230 ConcurrentGCThread "G1 Conc#0" [stack: 0x0000003a62200000,0x0000003a62300000] [id=5204]

[error occurred during error reporting (printing all threads), id 0xc0000005, EXCEPTION_ACCESS_VIOLATION (0xc0000005) at pc=0x00007ff80f35c047]

VM state: not at safepoint (not fully initialized)

VM Mutex/Monitor currently owned by a thread:  ([mutex/lock_event])
[0x000001bc05206a10] Heap_lock - owner thread: 0x000001bc0520a8d0

Heap address: 0x0000000081e00000, size: 2018 MB, Compressed Oops mode: 32-bit

CDS archive(s) mapped at: [0x0000000000000000-0x0000000000000000-0x0000000000000000), size 0, SharedBaseAddress: 0x0000000800000000, ArchiveRelocationMode: 0.
Narrow klass base: 0x0000000000000000, Narrow klass shift: 0, Narrow klass range: 0x0

GC Precious Log:
<Empty>

Heap:
 garbage-first heap   total 0K, used 0K [0x0000000081e00000, 0x0000000100000000)
  region size 1024K, 0 young (0K), 0 survivors (0K)

[error occurred during error reporting (printing heap information), id 0xc0000005, EXCEPTION_ACCESS_VIOLATION (0xc0000005) at pc=0x00007ff80f740699]

GC Heap History (0 events):
No events

Deoptimization events (0 events):
No events

Classes unloaded (0 events):
No events

Classes redefined (0 events):
No events

Internal exceptions (0 events):
No events

VM Operations (0 events):
No events

Events (1 events):
Event: 0.028 Loaded shared library C:\Users\titun\.p2\pool\plugins\org.eclipse.justj.openjdk.hotspot.jre.full.win32.x86_64_17.0.4.v20221004-1257\jre\bin\java.dll


Dynamic libraries:
0x00007ff723340000 - 0x00007ff72334e000 	C:\Users\titun\.p2\pool\plugins\org.eclipse.justj.openjdk.hotspot.jre.full.win32.x86_64_17.0.4.v20221004-1257\jre\bin\javaw.exe
0x00007ff871da0000 - 0x00007ff871fa9000 	C:\WINDOWS\SYSTEM32\ntdll.dll
0x00007ff870550000 - 0x00007ff87060e000 	C:\WINDOWS\System32\KERNEL32.DLL
0x00007ff86f310000 - 0x00007ff86f68b000 	C:\WINDOWS\System32\KERNELBASE.dll
0x00007ff8555f0000 - 0x00007ff8556b9000 	C:\Program Files\Bitdefender\Bitdefender Security\bdhkm\dlls_266167845970651525\bdhkm64.dll
0x00007ff83f3a0000 - 0x00007ff83f4ca000 	C:\Program Files\Bitdefender\Bitdefender Security\atcuf\dlls_266187556833158639\atcuf64.dll
0x00007ff86f7b0000 - 0x00007ff86f8c1000 	C:\WINDOWS\System32\ucrtbase.dll
0x00007ff854f60000 - 0x00007ff854f78000 	C:\Users\titun\.p2\pool\plugins\org.eclipse.justj.openjdk.hotspot.jre.full.win32.x86_64_17.0.4.v20221004-1257\jre\bin\jli.dll
0x00007ff871370000 - 0x00007ff87151d000 	C:\WINDOWS\System32\USER32.dll
0x00007ff86f2e0000 - 0x00007ff86f306000 	C:\WINDOWS\System32\win32u.dll
0x00007ff870810000 - 0x00007ff870839000 	C:\WINDOWS\System32\GDI32.dll
0x00007ff86f990000 - 0x00007ff86faa8000 	C:\WINDOWS\System32\gdi32full.dll
0x00007ff86f690000 - 0x00007ff86f72d000 	C:\WINDOWS\System32\msvcp_win.dll
0x00007ff8457a0000 - 0x00007ff8457b9000 	C:\Users\titun\.p2\pool\plugins\org.eclipse.justj.openjdk.hotspot.jre.full.win32.x86_64_17.0.4.v20221004-1257\jre\bin\VCRUNTIME140.dll
0x00007ff856c80000 - 0x00007ff856f25000 	C:\WINDOWS\WinSxS\amd64_microsoft.windows.common-controls_6595b64144ccf1df_6.0.22000.120_none_9d947278b86cc467\COMCTL32.dll
0x00007ff870760000 - 0x00007ff870803000 	C:\WINDOWS\System32\msvcrt.dll
0x00007ff86fc20000 - 0x00007ff86fc52000 	C:\WINDOWS\System32\IMM32.DLL
0x00007ff8673e0000 - 0x00007ff8673ec000 	C:\Users\titun\.p2\pool\plugins\org.eclipse.justj.openjdk.hotspot.jre.full.win32.x86_64_17.0.4.v20221004-1257\jre\bin\vcruntime140_1.dll
0x00007ff834730000 - 0x00007ff8347c1000 	C:\Users\titun\.p2\pool\plugins\org.eclipse.justj.openjdk.hotspot.jre.full.win32.x86_64_17.0.4.v20221004-1257\jre\bin\msvcp140.dll
0x00007ff80f070000 - 0x00007ff80fcb6000 	C:\Users\titun\.p2\pool\plugins\org.eclipse.justj.openjdk.hotspot.jre.full.win32.x86_64_17.0.4.v20221004-1257\jre\bin\server\jvm.dll
0x00007ff86fd40000 - 0x00007ff86fdee000 	C:\WINDOWS\System32\ADVAPI32.dll
0x00007ff870840000 - 0x00007ff8708de000 	C:\WINDOWS\System32\sechost.dll
0x00007ff8708f0000 - 0x00007ff870a10000 	C:\WINDOWS\System32\RPCRT4.dll
0x00007ff870730000 - 0x00007ff870738000 	C:\WINDOWS\System32\PSAPI.DLL
0x00007ff852b90000 - 0x00007ff852b99000 	C:\WINDOWS\SYSTEM32\WSOCK32.dll
0x00007ff871530000 - 0x00007ff87159f000 	C:\WINDOWS\System32\WS2_32.dll
0x00007ff8677b0000 - 0x00007ff8677e3000 	C:\WINDOWS\SYSTEM32\WINMM.dll
0x00007ff864ea0000 - 0x00007ff864eaa000 	C:\WINDOWS\SYSTEM32\VERSION.dll
0x00007ff86e370000 - 0x00007ff86e388000 	C:\WINDOWS\SYSTEM32\kernel.appcore.dll
0x00007ff86a8a0000 - 0x00007ff86a8aa000 	C:\Users\titun\.p2\pool\plugins\org.eclipse.justj.openjdk.hotspot.jre.full.win32.x86_64_17.0.4.v20221004-1257\jre\bin\jimage.dll
0x00007ff86cec0000 - 0x00007ff86d0e1000 	C:\WINDOWS\SYSTEM32\DBGHELP.DLL
0x00007ff84ffb0000 - 0x00007ff84ffe1000 	C:\WINDOWS\SYSTEM32\dbgcore.DLL
0x00007ff86f730000 - 0x00007ff86f7af000 	C:\WINDOWS\System32\bcryptPrimitives.dll
0x00007ff851e70000 - 0x00007ff851e95000 	C:\Users\titun\.p2\pool\plugins\org.eclipse.justj.openjdk.hotspot.jre.full.win32.x86_64_17.0.4.v20221004-1257\jre\bin\java.dll

dbghelp: loaded successfully - version: 4.0.5 - missing functions: none
symbol engine: initialized successfully - sym options: 0x614 - pdb path: .;C:\Users\titun\.p2\pool\plugins\org.eclipse.justj.openjdk.hotspot.jre.full.win32.x86_64_17.0.4.v20221004-1257\jre\bin;C:\WINDOWS\SYSTEM32;C:\Program Files\Bitdefender\Bitdefender Security\bdhkm\dlls_266167845970651525;C:\Program Files\Bitdefender\Bitdefender Security\atcuf\dlls_266187556833158639;C:\WINDOWS\WinSxS\amd64_microsoft.windows.common-controls_6595b64144ccf1df_6.0.22000.120_none_9d947278b86cc467;C:\Users\titun\.p2\pool\plugins\org.eclipse.justj.openjdk.hotspot.jre.full.win32.x86_64_17.0.4.v20221004-1257\jre\bin\server

VM Arguments:
jvm_args: -Dfile.encoding=UTF-8 -XX:+ShowCodeDetailsInExceptionMessages 
java_command: tp1.p2.PlantsVsZombies easy 5
java_class_path (initial): C:\Users\titun\Downloads\202223-PlantsVsZombies-main\src
Launcher Type: SUN_STANDARD

[Global flags]
     intx CICompilerCount                          = 4                                         {product} {ergonomic}
     uint ConcGCThreads                            = 2                                         {product} {ergonomic}
     uint G1ConcRefinementThreads                  = 8                                         {product} {ergonomic}
   size_t G1HeapRegionSize                         = 1048576                                   {product} {ergonomic}
    uintx GCDrainStackTargetSize                   = 64                                        {product} {ergonomic}
   size_t InitialHeapSize                          = 134217728                                 {product} {ergonomic}
   size_t MarkStackSize                            = 4194304                                   {product} {ergonomic}
   size_t MaxHeapSize                              = 2116026368                                {product} {ergonomic}
   size_t MinHeapDeltaBytes                        = 1048576                                   {product} {ergonomic}
   size_t MinHeapSize                              = 8388608                                   {product} {ergonomic}
    uintx NonNMethodCodeHeapSize                   = 5839372                                {pd product} {ergonomic}
    uintx NonProfiledCodeHeapSize                  = 122909434                              {pd product} {ergonomic}
    uintx ProfiledCodeHeapSize                     = 122909434                              {pd product} {ergonomic}
    uintx ReservedCodeCacheSize                    = 251658240                              {pd product} {ergonomic}
     bool SegmentedCodeCache                       = true                                      {product} {ergonomic}
     bool ShowCodeDetailsInExceptionMessages       = true                                   {manageable} {command line}
   size_t SoftMaxHeapSize                          = 2116026368                             {manageable} {ergonomic}
     bool UseCompressedClassPointers               = true                           {product lp64_product} {ergonomic}
     bool UseCompressedOops                        = true                           {product lp64_product} {ergonomic}
     bool UseG1GC                                  = true                                      {product} {ergonomic}
     bool UseLargePagesIndividualAllocation        = false                                  {pd product} {ergonomic}

Logging:
Log output configuration:
 #0: stdout all=warning uptime,level,tags
 #1: stderr all=off uptime,level,tags

Environment Variables:
PATH=C:/Users/titun/.p2/pool/plugins/org.eclipse.justj.openjdk.hotspot.jre.full.win32.x86_64_17.0.4.v20221004-1257/jre/bin/server;C:/Users/titun/.p2/pool/plugins/org.eclipse.justj.openjdk.hotspot.jre.full.win32.x86_64_17.0.4.v20221004-1257/jre/bin;C:\Program Files (x86)\VMware\VMware Player\bin\;C:\ProgramData\Oracle\Java\javapath;C:\Windows\system32;C:\Windows;C:\Windows\System32\Wbem;C:\Windows\System32\WindowsPowerShell\v1.0\;C:\WINDOWS\system32;C:\WINDOWS;C:\WINDOWS\System32\Wbem;C:\WINDOWS\System32\WindowsPowerShell\v1.0\;C:\WINDOWS\System32\OpenSSH\;C:\WINDOWS\system32;C:\WINDOWS;C:\WINDOWS\System32\Wbem;C:\WINDOWS\System32\WindowsPowerShell\v1.0\;C:\WINDOWS\System32\OpenSSH\;C:\Program Files\Git\cmd;C:\Users\titun\AppData\Local\Microsoft\WindowsApps;C:\Users\titun\AppData\Local\GitHubDesktop\bin;C:\WINDOWS\system32;
USERNAME=titun
OS=Windows_NT
PROCESSOR_IDENTIFIER=Intel64 Family 6 Model 142 Stepping 10, GenuineIntel
TMP=C:\Users\titun\AppData\Local\Temp
TEMP=C:\Users\titun\AppData\Local\Temp



---------------  S Y S T E M  ---------------

OS:
 Windows 11 , 64 bit Build 22000 (10.0.22000.1219)
OS uptime: 4 days 23:28 hours

CPU: total 8 (initial active 8) (4 cores per cpu, 2 threads per core) family 6 model 142 stepping 10 microcode 0xe0, cx8, cmov, fxsr, ht, mmx, 3dnowpref, sse, sse2, sse3, ssse3, sse4.1, sse4.2, popcnt, lzcnt, tsc, tscinvbit, avx, avx2, aes, erms, clmul, bmi1, bmi2, adx, fma, vzeroupper, clflush, clflushopt

Memory: 4k page, system-wide physical 8069M (1180M free)
TotalPageFile size 25849M (AvailPageFile size 132M)
current process WorkingSet (physical memory assigned to process): 12M, peak: 12M
current process commit charge ("private bytes"): 62M, peak: 190M

vm_info: OpenJDK 64-Bit Server VM (17.0.4.1+1) for windows-amd64 JRE (17.0.4.1+1), built on Aug 17 2022 07:42:43 by "temurin" with MS VC++ 16.7 (VS2019)

END.
